Flow report for commit
Tue May 18 16:13:02 2021
Quartus II 64-Bit Version 13.1.0 Build 162 10/23/2013 SJ Web Edition


---------------------
; Table of Contents ;
---------------------
  1. Legal Notice
  2. Flow Summary
  3. Flow Settings
  4. Flow Non-Default Global Settings
  5. Flow Elapsed Time
  6. Flow OS Summary
  7. Flow Log
  8. Flow Messages
  9. Flow Suppressed Messages



----------------
; Legal Notice ;
----------------
Copyright (C) 1991-2013 Altera Corporation
Your use of Altera Corporation's design tools, logic functions 
and other software and tools, and its AMPP partner logic 
functions, and any output files from any of the foregoing 
(including device programming or simulation files), and any 
associated documentation or information are expressly subject 
to the terms and conditions of the Altera Program License 
Subscription Agreement, Altera MegaCore Function License 
Agreement, or other applicable license agreement, including, 
without limitation, that your use is for the sole purpose of 
programming logic devices manufactured by Altera and sold by 
Altera or its authorized distributors.  Please refer to the 
applicable agreement for further details.



+---------------------------------------------------------------------------------+
; Flow Summary                                                                    ;
+------------------------------------+--------------------------------------------+
; Flow Status                        ; Successful - Tue May 18 16:13:02 2021      ;
; Quartus II 64-Bit Version          ; 13.1.0 Build 162 10/23/2013 SJ Web Edition ;
; Revision Name                      ; commit                                     ;
; Top-level Entity Name              ; e203_test_top                              ;
; Family                             ; Cyclone IV E                               ;
; Device                             ; EP4CE15F23C8                               ;
; Timing Models                      ; Final                                      ;
; Total logic elements               ; 11,204 / 15,408 ( 73 % )                   ;
;     Total combinational functions  ; 8,432 / 15,408 ( 55 % )                    ;
;     Dedicated logic registers      ; 6,412 / 15,408 ( 42 % )                    ;
; Total registers                    ; 6518                                       ;
; Total pins                         ; 120 / 344 ( 35 % )                         ;
; Total virtual pins                 ; 0                                          ;
; Total memory bits                  ; 96,864 / 516,096 ( 19 % )                  ;
; Embedded Multiplier 9-bit elements ; 112 / 112 ( 100 % )                        ;
; Total PLLs                         ; 3 / 4 ( 75 % )                             ;
+------------------------------------+--------------------------------------------+


+-----------------------------------------+
; Flow Settings                           ;
+-------------------+---------------------+
; Option            ; Setting             ;
+-------------------+---------------------+
; Start date & time ; 05/18/2021 16:08:59 ;
; Main task         ; Compilation         ;
; Revision Name     ; commit              ;
+-------------------+---------------------+


+--------------------------------------------------------------------------------------------------------------------------------------------------------------------------------------------------------------------------------------------------------------------------------------------------------------------------------------------------------------------------------+
; Flow Non-Default Global Settings                                                                                                                                                                                                                                                                                                                                               ;
+--------------------------------------+-------------------------------------------------------------------------------------------------------------------------------------------------------------------------------------------------------------------------------------------------------------------------------+---------------+---------------+-------------------------+
; Assignment Name                      ; Value                                                                                                                                                                                                                                                                         ; Default Value ; Entity Name   ; Section Id              ;
+--------------------------------------+-------------------------------------------------------------------------------------------------------------------------------------------------------------------------------------------------------------------------------------------------------------------------------+---------------+---------------+-------------------------+
; COMPILER_SIGNATURE_ID                ; 53753574202436.162132533911920                                                                                                                                                                                                                                                ; --            ; --            ; --                      ;
; EDA_DESIGN_EXTRA_ALTERA_SIM_LIB      ; cycloneiii_ver                                                                                                                                                                                                                                                                ; --            ; --            ; eda_simulation          ;
; EDA_DESIGN_EXTRA_ALTERA_SIM_LIB      ; cycloneiii_ver                                                                                                                                                                                                                                                                ; --            ; --            ; eda_simulation          ;
; EDA_DESIGN_INSTANCE_NAME             ; NA                                                                                                                                                                                                                                                                            ; --            ; --            ; testbench_regfile       ;
; EDA_DESIGN_INSTANCE_NAME             ; NA                                                                                                                                                                                                                                                                            ; --            ; --            ; testbench_ad            ;
; EDA_DESIGN_INSTANCE_NAME             ; NA                                                                                                                                                                                                                                                                            ; --            ; --            ; testbench_fir           ;
; EDA_DESIGN_INSTANCE_NAME             ; NA                                                                                                                                                                                                                                                                            ; --            ; --            ; testbench_xb            ;
; EDA_DESIGN_INSTANCE_NAME             ; NA                                                                                                                                                                                                                                                                            ; --            ; --            ; testbench_clkm          ;
; EDA_DESIGN_INSTANCE_NAME             ; NA                                                                                                                                                                                                                                                                            ; --            ; --            ; testbench_uarto         ;
; EDA_DESIGN_INSTANCE_NAME             ; NA                                                                                                                                                                                                                                                                            ; --            ; --            ; testbench_move          ;
; EDA_DESIGN_INSTANCE_NAME             ; NA                                                                                                                                                                                                                                                                            ; --            ; --            ; testbench_jc            ;
; EDA_GENERATE_FUNCTIONAL_NETLIST      ; Off                                                                                                                                                                                                                                                                           ; --            ; --            ; eda_formal_verification ;
; EDA_NATIVELINK_SIMULATION_TEST_BENCH ; testbench_regfile                                                                                                                                                                                                                                                             ; --            ; --            ; eda_simulation          ;
; EDA_OUTPUT_DATA_FORMAT               ; Verilog Hdl                                                                                                                                                                                                                                                                   ; --            ; --            ; eda_simulation          ;
; EDA_SIMULATION_TOOL                  ; ModelSim-Altera (Verilog)                                                                                                                                                                                                                                                     ; <None>        ; --            ; --                      ;
; EDA_TEST_BENCH_ENABLE_STATUS         ; TEST_BENCH_MODE                                                                                                                                                                                                                                                               ; --            ; --            ; eda_simulation          ;
; EDA_TEST_BENCH_FILE                  ; testbench_regfile.v                                                                                                                                                                                                                                                           ; --            ; --            ; testbench_regfile       ;
; EDA_TEST_BENCH_FILE                  ; ../clk_manger/clk_manger.v                                                                                                                                                                                                                                                    ; --            ; --            ; testbench_regfile       ;
; EDA_TEST_BENCH_FILE                  ; ../clk_manger/pll/pllip.v                                                                                                                                                                                                                                                     ; --            ; --            ; testbench_regfile       ;
; EDA_TEST_BENCH_FILE                  ; ../clk_manger/pll/pllip2.v                                                                                                                                                                                                                                                    ; --            ; --            ; testbench_regfile       ;
; EDA_TEST_BENCH_FILE                  ; testbench_ad.v                                                                                                                                                                                                                                                                ; --            ; --            ; testbench_ad            ;
; EDA_TEST_BENCH_FILE                  ; ../clk_manger/clk_manger.v                                                                                                                                                                                                                                                    ; --            ; --            ; testbench_ad            ;
; EDA_TEST_BENCH_FILE                  ; ../clk_manger/pll/pllip.v                                                                                                                                                                                                                                                     ; --            ; --            ; testbench_ad            ;
; EDA_TEST_BENCH_FILE                  ; ../clk_manger/pll/pllip2.v                                                                                                                                                                                                                                                    ; --            ; --            ; testbench_ad            ;
; EDA_TEST_BENCH_FILE                  ; testbench_fir.v                                                                                                                                                                                                                                                               ; --            ; --            ; testbench_fir           ;
; EDA_TEST_BENCH_FILE                  ; ../clk_manger/pll/pllip.v                                                                                                                                                                                                                                                     ; --            ; --            ; testbench_fir           ;
; EDA_TEST_BENCH_FILE                  ; ../clk_manger/pll/pllip2.v                                                                                                                                                                                                                                                    ; --            ; --            ; testbench_fir           ;
; EDA_TEST_BENCH_FILE                  ; ../clk_manger/clk_manger.v                                                                                                                                                                                                                                                    ; --            ; --            ; testbench_fir           ;
; EDA_TEST_BENCH_FILE                  ; testbench_xb.v                                                                                                                                                                                                                                                                ; --            ; --            ; testbench_xb            ;
; EDA_TEST_BENCH_FILE                  ; ../clk_manger/clk_manger.v                                                                                                                                                                                                                                                    ; --            ; --            ; testbench_xb            ;
; EDA_TEST_BENCH_FILE                  ; ../clk_manger/pll/pllip.v                                                                                                                                                                                                                                                     ; --            ; --            ; testbench_xb            ;
; EDA_TEST_BENCH_FILE                  ; ../clk_manger/pll/pllip2.v                                                                                                                                                                                                                                                    ; --            ; --            ; testbench_xb            ;
; EDA_TEST_BENCH_FILE                  ; testbench_clkm.v                                                                                                                                                                                                                                                              ; --            ; --            ; testbench_clkm          ;
; EDA_TEST_BENCH_FILE                  ; testbench_uarto.v                                                                                                                                                                                                                                                             ; --            ; --            ; testbench_uarto         ;
; EDA_TEST_BENCH_FILE                  ; ../clk_manger/clk_manger.v                                                                                                                                                                                                                                                    ; --            ; --            ; testbench_uarto         ;
; EDA_TEST_BENCH_FILE                  ; ../clk_manger/pll/pllip.v                                                                                                                                                                                                                                                     ; --            ; --            ; testbench_uarto         ;
; EDA_TEST_BENCH_FILE                  ; ../clk_manger/pll/pllip2.v                                                                                                                                                                                                                                                    ; --            ; --            ; testbench_uarto         ;
; EDA_TEST_BENCH_FILE                  ; testbench_move.v                                                                                                                                                                                                                                                              ; --            ; --            ; testbench_move          ;
; EDA_TEST_BENCH_FILE                  ; ../clk_manger/clk_manger.v                                                                                                                                                                                                                                                    ; --            ; --            ; testbench_move          ;
; EDA_TEST_BENCH_FILE                  ; ../clk_manger/pll/pllip.v                                                                                                                                                                                                                                                     ; --            ; --            ; testbench_move          ;
; EDA_TEST_BENCH_FILE                  ; ../clk_manger/pll/pllip2.v                                                                                                                                                                                                                                                    ; --            ; --            ; testbench_move          ;
; EDA_TEST_BENCH_FILE                  ; testbench_jc.v                                                                                                                                                                                                                                                                ; --            ; --            ; testbench_jc            ;
; EDA_TEST_BENCH_FILE                  ; ../clk_manger/clk_manger.v                                                                                                                                                                                                                                                    ; --            ; --            ; testbench_jc            ;
; EDA_TEST_BENCH_FILE                  ; ../clk_manger/pll/pllip.v                                                                                                                                                                                                                                                     ; --            ; --            ; testbench_jc            ;
; EDA_TEST_BENCH_FILE                  ; ../clk_manger/pll/pllip2.v                                                                                                                                                                                                                                                    ; --            ; --            ; testbench_jc            ;
; EDA_TEST_BENCH_MODULE_NAME           ; testbench_regfile                                                                                                                                                                                                                                                             ; --            ; --            ; testbench_regfile       ;
; EDA_TEST_BENCH_MODULE_NAME           ; testbench_ad                                                                                                                                                                                                                                                                  ; --            ; --            ; testbench_ad            ;
; EDA_TEST_BENCH_MODULE_NAME           ; testbench_fir                                                                                                                                                                                                                                                                 ; --            ; --            ; testbench_fir           ;
; EDA_TEST_BENCH_MODULE_NAME           ; testbench_xb                                                                                                                                                                                                                                                                  ; --            ; --            ; testbench_xb            ;
; EDA_TEST_BENCH_MODULE_NAME           ; testbench_clkm                                                                                                                                                                                                                                                                ; --            ; --            ; testbench_clkm          ;
; EDA_TEST_BENCH_MODULE_NAME           ; testbench_uarto                                                                                                                                                                                                                                                               ; --            ; --            ; testbench_uarto         ;
; EDA_TEST_BENCH_MODULE_NAME           ; testbench_move                                                                                                                                                                                                                                                                ; --            ; --            ; testbench_move          ;
; EDA_TEST_BENCH_MODULE_NAME           ; testbench_jc                                                                                                                                                                                                                                                                  ; --            ; --            ; testbench_jc            ;
; EDA_TEST_BENCH_NAME                  ; testbench_regfile                                                                                                                                                                                                                                                             ; --            ; --            ; eda_simulation          ;
; EDA_TEST_BENCH_NAME                  ; testbench_ad                                                                                                                                                                                                                                                                  ; --            ; --            ; eda_simulation          ;
; EDA_TEST_BENCH_NAME                  ; testbench_fir                                                                                                                                                                                                                                                                 ; --            ; --            ; eda_simulation          ;
; EDA_TEST_BENCH_NAME                  ; testbench_xb                                                                                                                                                                                                                                                                  ; --            ; --            ; eda_simulation          ;
; EDA_TEST_BENCH_NAME                  ; testbench_clkm                                                                                                                                                                                                                                                                ; --            ; --            ; eda_simulation          ;
; EDA_TEST_BENCH_NAME                  ; testbench_uarto                                                                                                                                                                                                                                                               ; --            ; --            ; eda_simulation          ;
; EDA_TEST_BENCH_NAME                  ; testbench_move                                                                                                                                                                                                                                                                ; --            ; --            ; eda_simulation          ;
; EDA_TEST_BENCH_NAME                  ; testbench_jc                                                                                                                                                                                                                                                                  ; --            ; --            ; eda_simulation          ;
; EDA_TIME_SCALE                       ; 1 ps                                                                                                                                                                                                                                                                          ; --            ; --            ; eda_simulation          ;
; ENABLE_OCT_DONE                      ; Off                                                                                                                                                                                                                                                                           ; On            ; --            ; --                      ;
; ENABLE_SIGNALTAP                     ; On                                                                                                                                                                                                                                                                            ; --            ; --            ; --                      ;
; IP_TOOL_NAME                         ; DDR2 High Performance Controller                                                                                                                                                                                                                                              ; --            ; --            ; --                      ;
; IP_TOOL_NAME                         ; altmemphy                                                                                                                                                                                                                                                                     ; --            ; --            ; --                      ;
; IP_TOOL_NAME                         ; ALTPLL                                                                                                                                                                                                                                                                        ; --            ; --            ; --                      ;
; IP_TOOL_NAME                         ; LPM_MULT                                                                                                                                                                                                                                                                      ; --            ; --            ; --                      ;
; IP_TOOL_NAME                         ; ALTPLL                                                                                                                                                                                                                                                                        ; --            ; --            ; --                      ;
; IP_TOOL_NAME                         ; ALTPLL                                                                                                                                                                                                                                                                        ; --            ; --            ; --                      ;
; IP_TOOL_NAME                         ; RAM: 2-PORT                                                                                                                                                                                                                                                                   ; --            ; --            ; --                      ;
; IP_TOOL_NAME                         ; FIFO                                                                                                                                                                                                                                                                          ; --            ; --            ; --                      ;
; IP_TOOL_NAME                         ; FIFO                                                                                                                                                                                                                                                                          ; --            ; --            ; --                      ;
; IP_TOOL_NAME                         ; RAM: 2-PORT                                                                                                                                                                                                                                                                   ; --            ; --            ; --                      ;
; IP_TOOL_VERSION                      ; 13.1                                                                                                                                                                                                                                                                          ; --            ; --            ; --                      ;
; IP_TOOL_VERSION                      ; 13.1                                                                                                                                                                                                                                                                          ; --            ; --            ; --                      ;
; IP_TOOL_VERSION                      ; 13.1                                                                                                                                                                                                                                                                          ; --            ; --            ; --                      ;
; IP_TOOL_VERSION                      ; 13.1                                                                                                                                                                                                                                                                          ; --            ; --            ; --                      ;
; IP_TOOL_VERSION                      ; 13.1                                                                                                                                                                                                                                                                          ; --            ; --            ; --                      ;
; IP_TOOL_VERSION                      ; 13.1                                                                                                                                                                                                                                                                          ; --            ; --            ; --                      ;
; IP_TOOL_VERSION                      ; 13.1                                                                                                                                                                                                                                                                          ; --            ; --            ; --                      ;
; IP_TOOL_VERSION                      ; 13.1                                                                                                                                                                                                                                                                          ; --            ; --            ; --                      ;
; IP_TOOL_VERSION                      ; 13.1                                                                                                                                                                                                                                                                          ; --            ; --            ; --                      ;
; IP_TOOL_VERSION                      ; 13.1                                                                                                                                                                                                                                                                          ; --            ; --            ; --                      ;
; MAX_CORE_JUNCTION_TEMP               ; 85                                                                                                                                                                                                                                                                            ; --            ; --            ; --                      ;
; MIN_CORE_JUNCTION_TEMP               ; 0                                                                                                                                                                                                                                                                             ; --            ; --            ; --                      ;
; MISC_FILE                            ; ../men/ddr/ip/ddr2/ddr2ip.v                                                                                                                                                                                                                                                   ; --            ; --            ; --                      ;
; MISC_FILE                            ; ../men/ddr/ip/ddr2/ddr2ip.qip                                                                                                                                                                                                                                                 ; --            ; --            ; --                      ;
; MISC_FILE                            ; ../men/ddr/ip/ddr2/ddr2ip_example_driver.v                                                                                                                                                                                                                                    ; --            ; --            ; --                      ;
; MISC_FILE                            ; ../men/ddr/ip/ddr2/ddr2ip_example_top.v                                                                                                                                                                                                                                       ; --            ; --            ; --                      ;
; MISC_FILE                            ; ../men/ddr/ip/ddr2/ddr2ip_ex_lfsr8.v                                                                                                                                                                                                                                          ; --            ; --            ; --                      ;
; MISC_FILE                            ; ../men/ddr/ip/ddr2/testbench/ddr2ip_example_top_tb.v                                                                                                                                                                                                                          ; --            ; --            ; --                      ;
; MISC_FILE                            ; ../men/ddr/ip/ddr2/testbench/ddr2ip_mem_model.v                                                                                                                                                                                                                               ; --            ; --            ; --                      ;
; MISC_FILE                            ; ../men/ddr/ip/ddr2/testbench/ddr2ip_full_mem_model.v                                                                                                                                                                                                                          ; --            ; --            ; --                      ;
; MISC_FILE                            ; ../men/ddr/ip/ddr2/ddr2ip_pin_assignments.tcl                                                                                                                                                                                                                                 ; --            ; --            ; --                      ;
; MISC_FILE                            ; ../men/ddr/ip/ddr2/ddr2ip_phy.v                                                                                                                                                                                                                                               ; --            ; --            ; --                      ;
; MISC_FILE                            ; ../men/ddr/ip/ddr2/ddr2ip_phy.qip                                                                                                                                                                                                                                             ; --            ; --            ; --                      ;
; MISC_FILE                            ; ../men/ddr/ip/ddr2/ddr2ip_phy_alt_mem_phy_seq_wrapper.v                                                                                                                                                                                                                       ; --            ; --            ; --                      ;
; MISC_FILE                            ; ../men/ddr/ip/ddr2/ddr2ip_phy_alt_mem_phy_seq.vhd                                                                                                                                                                                                                             ; --            ; --            ; --                      ;
; MISC_FILE                            ; ../men/ddr/ip/ddr2/ddr2ip_phy_alt_mem_phy.v                                                                                                                                                                                                                                   ; --            ; --            ; --                      ;
; MISC_FILE                            ; ../men/ddr/ip/ddr2/ddr2ip_phy_alt_mem_phy_pll.v                                                                                                                                                                                                                               ; --            ; --            ; --                      ;
; MISC_FILE                            ; ../men/ddr/ip/ddr2/ddr2ip_phy_pin_assignments.tcl                                                                                                                                                                                                                             ; --            ; --            ; --                      ;
; MISC_FILE                            ; ../men/ddr/ip/ddr2/ddr2ip_phy_ddr_pins.tcl                                                                                                                                                                                                                                    ; --            ; --            ; --                      ;
; MISC_FILE                            ; ../men/ddr/ip/ddr2/ddr2ip_phy_report_timing.tcl                                                                                                                                                                                                                               ; --            ; --            ; --                      ;
; MISC_FILE                            ; ../men/ddr/ip/ddr2/ddr2ip_phy_report_timing_core.tcl                                                                                                                                                                                                                          ; --            ; --            ; --                      ;
; MISC_FILE                            ; ../men/ddr/ip/ddr2/ddr2ip_phy_ddr_timing.tcl                                                                                                                                                                                                                                  ; --            ; --            ; --                      ;
; MISC_FILE                            ; ../men/ddr/ip/ddr2/ddr2ip_phy_alt_mem_phy_pll_bb.v                                                                                                                                                                                                                            ; --            ; --            ; --                      ;
; MISC_FILE                            ; ../men/ddr/ip/ddr2/alt_mem_phy_defines.v                                                                                                                                                                                                                                      ; --            ; --            ; --                      ;
; MISC_FILE                            ; ../men/ddr/ip/ddr2/ddr2ip_phy.ppf                                                                                                                                                                                                                                             ; --            ; --            ; --                      ;
; MISC_FILE                            ; ../clk_manger/pll/pllip2.ppf                                                                                                                                                                                                                                                  ; --            ; --            ; --                      ;
; MISC_FILE                            ; ../clk_manger/pll/pllip.ppf                                                                                                                                                                                                                                                   ; --            ; --            ; --                      ;
; NOMINAL_CORE_SUPPLY_VOLTAGE          ; 1.2V                                                                                                                                                                                                                                                                          ; --            ; --            ; --                      ;
; PARTITION_COLOR                      ; 16764057                                                                                                                                                                                                                                                                      ; --            ; e203_test_top ; Top                     ;
; PARTITION_FITTER_PRESERVATION_LEVEL  ; PLACEMENT_AND_ROUTING                                                                                                                                                                                                                                                         ; --            ; e203_test_top ; Top                     ;
; PARTITION_NETLIST_TYPE               ; POST_FIT                                                                                                                                                                                                                                                                      ; --            ; e203_test_top ; Top                     ;
; POWER_BOARD_THERMAL_MODEL            ; None (CONSERVATIVE)                                                                                                                                                                                                                                                           ; --            ; --            ; --                      ;
; POWER_PRESET_COOLING_SOLUTION        ; 23 MM HEAT SINK WITH 200 LFPM AIRFLOW                                                                                                                                                                                                                                         ; --            ; --            ; --                      ;
; PROJECT_OUTPUT_DIRECTORY             ; output_files                                                                                                                                                                                                                                                                  ; --            ; --            ; --                      ;
; SEARCH_PATH                          ; ../men/ddr/ip/ddr2/.                                                                                                                                                                                                                                                          ; --            ; --            ; --                      ;
; SEARCH_PATH                          ; ../men/ddr/ip/ddr2/ddr2_high_performance_controller-library                                                                                                                                                                                                                   ; --            ; --            ; --                      ;
; SEARCH_PATH                          ; ../men/ddr/ip/ddr2/.                                                                                                                                                                                                                                                          ; --            ; --            ; --                      ;
; SEARCH_PATH                          ; ../men/ddr/ip/ddr2/altmemphy-library                                                                                                                                                                                                                                          ; --            ; --            ; --                      ;
; SLD_FILE                             ; db/stp1_auto_stripped.stp                                                                                                                                                                                                                                                     ; --            ; --            ; --                      ;
; SLD_NODE_CREATOR_ID                  ; 110                                                                                                                                                                                                                                                                           ; --            ; --            ; auto_signaltap_0        ;
; SLD_NODE_ENTITY_NAME                 ; sld_signaltap                                                                                                                                                                                                                                                                 ; --            ; --            ; auto_signaltap_0        ;
; SLD_NODE_PARAMETER_ASSIGNMENT        ; SLD_RAM_BLOCK_TYPE=AUTO                                                                                                                                                                                                                                                       ; --            ; --            ; auto_signaltap_0        ;
; SLD_NODE_PARAMETER_ASSIGNMENT        ; SLD_NODE_INFO=805334528                                                                                                                                                                                                                                                       ; --            ; --            ; auto_signaltap_0        ;
; SLD_NODE_PARAMETER_ASSIGNMENT        ; SLD_POWER_UP_TRIGGER=0                                                                                                                                                                                                                                                        ; --            ; --            ; auto_signaltap_0        ;
; SLD_NODE_PARAMETER_ASSIGNMENT        ; SLD_STORAGE_QUALIFIER_INVERSION_MASK_LENGTH=0                                                                                                                                                                                                                                 ; --            ; --            ; auto_signaltap_0        ;
; SLD_NODE_PARAMETER_ASSIGNMENT        ; SLD_SEGMENT_SIZE=256                                                                                                                                                                                                                                                          ; --            ; --            ; auto_signaltap_0        ;
; SLD_NODE_PARAMETER_ASSIGNMENT        ; SLD_ATTRIBUTE_MEM_MODE=OFF                                                                                                                                                                                                                                                    ; --            ; --            ; auto_signaltap_0        ;
; SLD_NODE_PARAMETER_ASSIGNMENT        ; SLD_STATE_FLOW_USE_GENERATED=0                                                                                                                                                                                                                                                ; --            ; --            ; auto_signaltap_0        ;
; SLD_NODE_PARAMETER_ASSIGNMENT        ; SLD_STATE_BITS=11                                                                                                                                                                                                                                                             ; --            ; --            ; auto_signaltap_0        ;
; SLD_NODE_PARAMETER_ASSIGNMENT        ; SLD_BUFFER_FULL_STOP=1                                                                                                                                                                                                                                                        ; --            ; --            ; auto_signaltap_0        ;
; SLD_NODE_PARAMETER_ASSIGNMENT        ; SLD_CURRENT_RESOURCE_WIDTH=1                                                                                                                                                                                                                                                  ; --            ; --            ; auto_signaltap_0        ;
; SLD_NODE_PARAMETER_ASSIGNMENT        ; SLD_TRIGGER_LEVEL=1                                                                                                                                                                                                                                                           ; --            ; --            ; auto_signaltap_0        ;
; SLD_NODE_PARAMETER_ASSIGNMENT        ; SLD_SAMPLE_DEPTH=256                                                                                                                                                                                                                                                          ; --            ; --            ; auto_signaltap_0        ;
; SLD_NODE_PARAMETER_ASSIGNMENT        ; SLD_TRIGGER_IN_ENABLED=0                                                                                                                                                                                                                                                      ; --            ; --            ; auto_signaltap_0        ;
; SLD_NODE_PARAMETER_ASSIGNMENT        ; SLD_ADVANCED_TRIGGER_ENTITY=basic,1,                                                                                                                                                                                                                                          ; --            ; --            ; auto_signaltap_0        ;
; SLD_NODE_PARAMETER_ASSIGNMENT        ; SLD_TRIGGER_LEVEL_PIPELINE=1                                                                                                                                                                                                                                                  ; --            ; --            ; auto_signaltap_0        ;
; SLD_NODE_PARAMETER_ASSIGNMENT        ; SLD_ENABLE_ADVANCED_TRIGGER=0                                                                                                                                                                                                                                                 ; --            ; --            ; auto_signaltap_0        ;
; SLD_NODE_PARAMETER_ASSIGNMENT        ; SLD_DATA_BITS=76                                                                                                                                                                                                                                                              ; --            ; --            ; auto_signaltap_0        ;
; SLD_NODE_PARAMETER_ASSIGNMENT        ; SLD_TRIGGER_BITS=76                                                                                                                                                                                                                                                           ; --            ; --            ; auto_signaltap_0        ;
; SLD_NODE_PARAMETER_ASSIGNMENT        ; SLD_INVERSION_MASK=0000000000000000000000000000000000000000000000000000000000000000000000000000000000000000000000000000000000000000000000000000000000000000000000000000000000000000000000000000000000000000000000000000000000000000000000000000000000000000000000000000000000 ; --            ; --            ; auto_signaltap_0        ;
; SLD_NODE_PARAMETER_ASSIGNMENT        ; SLD_INVERSION_MASK_LENGTH=250                                                                                                                                                                                                                                                 ; --            ; --            ; auto_signaltap_0        ;
; SLD_NODE_PARAMETER_ASSIGNMENT        ; SLD_NODE_CRC_LOWORD=59326                                                                                                                                                                                                                                                     ; --            ; --            ; auto_signaltap_0        ;
; SLD_NODE_PARAMETER_ASSIGNMENT        ; SLD_NODE_CRC_HIWORD=41798                                                                                                                                                                                                                                                     ; --            ; --            ; auto_signaltap_0        ;
; TOP_LEVEL_ENTITY                     ; e203_test_top                                                                                                                                                                                                                                                                 ; commit        ; --            ; --                      ;
; USE_SIGNALTAP_FILE                   ; output_files/stp1.stp                                                                                                                                                                                                                                                         ; --            ; --            ; --                      ;
+--------------------------------------+-------------------------------------------------------------------------------------------------------------------------------------------------------------------------------------------------------------------------------------------------------------------------------+---------------+---------------+-------------------------+


+-------------------------------------------------------------------------------------------------------------------------------+
; Flow Elapsed Time                                                                                                             ;
+---------------------------+--------------+-------------------------+---------------------+------------------------------------+
; Module Name               ; Elapsed Time ; Average Processors Used ; Peak Virtual Memory ; Total CPU Time (on all processors) ;
+---------------------------+--------------+-------------------------+---------------------+------------------------------------+
; Analysis & Synthesis      ; 00:00:49     ; 1.0                     ; 4938 MB             ; 00:00:49                           ;
; Partition Merge           ; 00:00:03     ; 1.0                     ; 4689 MB             ; 00:00:03                           ;
; Fitter                    ; 00:01:18     ; 1.6                     ; 5543 MB             ; 00:02:00                           ;
; Assembler                 ; 00:00:03     ; 1.0                     ; 4644 MB             ; 00:00:02                           ;
; TimeQuest Timing Analyzer ; 00:01:23     ; 1.0                     ; 4960 MB             ; 00:01:25                           ;
; EDA Netlist Writer        ; 00:00:05     ; 1.0                     ; 4666 MB             ; 00:00:04                           ;
; Total                     ; 00:03:41     ; --                      ; --                  ; 00:04:23                           ;
+---------------------------+--------------+-------------------------+---------------------+------------------------------------+


+----------------------------------------------------------------------------------------+
; Flow OS Summary                                                                        ;
+---------------------------+------------------+-----------+------------+----------------+
; Module Name               ; Machine Hostname ; OS Name   ; OS Version ; Processor type ;
+---------------------------+------------------+-----------+------------+----------------+
; Analysis & Synthesis      ; DESKTOP-S858DKJ  ; Windows 7 ; 6.2        ; x86_64         ;
; Partition Merge           ; DESKTOP-S858DKJ  ; Windows 7 ; 6.2        ; x86_64         ;
; Fitter                    ; DESKTOP-S858DKJ  ; Windows 7 ; 6.2        ; x86_64         ;
; Assembler                 ; DESKTOP-S858DKJ  ; Windows 7 ; 6.2        ; x86_64         ;
; TimeQuest Timing Analyzer ; DESKTOP-S858DKJ  ; Windows 7 ; 6.2        ; x86_64         ;
; EDA Netlist Writer        ; DESKTOP-S858DKJ  ; Windows 7 ; 6.2        ; x86_64         ;
+---------------------------+------------------+-----------+------------+----------------+


------------
; Flow Log ;
------------
quartus_map --read_settings_files=on --write_settings_files=off commit -c commit
quartus_cdb --read_settings_files=off --write_settings_files=off commit -c commit --merge=on
quartus_fit --read_settings_files=off --write_settings_files=off commit -c commit
quartus_asm --read_settings_files=off --write_settings_files=off commit -c commit
quartus_sta commit -c commit
quartus_eda --read_settings_files=off --write_settings_files=off commit -c commit



