Analysis & Synthesis report for int
Fri May 07 20:40:31 2021
Quartus Prime Version 20.1.1 Build 720 11/11/2020 SJ Lite Edition


---------------------
; Table of Contents ;
---------------------
  1. Legal Notice
  2. Analysis & Synthesis Summary
  3. Analysis & Synthesis Settings
  4. Parallel Compilation
  5. Analysis & Synthesis Source Files Read
  6. Analysis & Synthesis Resource Usage Summary
  7. Analysis & Synthesis Resource Utilization by Entity
  8. State Machine - |int|reg_state
  9. Registers Removed During Synthesis
 10. General Register Statistics
 11. Inverted Register Statistics
 12. Multiplexer Restructuring Statistics (Restructuring Performed)
 13. Parameter Settings for User Entity Instance: xpm_cdc_single:vaild_cdc
 14. Parameter Settings for User Entity Instance: xpm_cdc_single:vaild_cdc|sirv_gnrl_dff:reg_c[0].cdc_dff
 15. Parameter Settings for User Entity Instance: xpm_cdc_single:vaild_cdc|sirv_gnrl_dff:reg_c[1].cdc_dff
 16. Parameter Settings for User Entity Instance: sirv_gnrl_dfflr:ready1_dfflr
 17. Parameter Settings for User Entity Instance: sirv_gnrl_dfflr:ready2_dfflr
 18. Parameter Settings for User Entity Instance: sirv_gnrl_dfflr1:reg_cnt_dfflr1
 19. Parameter Settings for User Entity Instance: sirv_gnrl_dfflr:dataint_reg
 20. Parameter Settings for User Entity Instance: uarttx:uarttx1
 21. Post-Synthesis Netlist Statistics for Top Partition
 22. Elapsed Time Per Partition
 23. Analysis & Synthesis Messages



----------------
; Legal Notice ;
----------------
Copyright (C) 2020  Intel Corporation. All rights reserved.
Your use of Intel Corporation's design tools, logic functions 
and other software and tools, and any partner logic 
functions, and any output files from any of the foregoing 
(including device programming or simulation files), and any 
associated documentation or information are expressly subject 
to the terms and conditions of the Intel Program License 
Subscription Agreement, the Intel Quartus Prime License Agreement,
the Intel FPGA IP License Agreement, or other applicable license
agreement, including, without limitation, that your use is for
the sole purpose of programming logic devices manufactured by
Intel and sold by Intel or its authorized distributors.  Please
refer to the applicable agreement for further details, at
https://fpgasoftware.intel.com/eula.



+----------------------------------------------------------------------------------+
; Analysis & Synthesis Summary                                                     ;
+------------------------------------+---------------------------------------------+
; Analysis & Synthesis Status        ; Successful - Fri May 07 20:40:30 2021       ;
; Quartus Prime Version              ; 20.1.1 Build 720 11/11/2020 SJ Lite Edition ;
; Revision Name                      ; int                                         ;
; Top-level Entity Name              ; int                                         ;
; Family                             ; Cyclone IV E                                ;
; Total logic elements               ; 563                                         ;
;     Total combinational functions  ; 560                                         ;
;     Dedicated logic registers      ; 122                                         ;
; Total registers                    ; 122                                         ;
; Total pins                         ; 599                                         ;
; Total virtual pins                 ; 0                                           ;
; Total memory bits                  ; 0                                           ;
; Embedded Multiplier 9-bit elements ; 0                                           ;
; Total PLLs                         ; 0                                           ;
+------------------------------------+---------------------------------------------+


+------------------------------------------------------------------------------------------------------------+
; Analysis & Synthesis Settings                                                                              ;
+------------------------------------------------------------------+--------------------+--------------------+
; Option                                                           ; Setting            ; Default Value      ;
+------------------------------------------------------------------+--------------------+--------------------+
; Device                                                           ; EP4CE15F23C8       ;                    ;
; Top-level entity name                                            ; int                ; int                ;
; Family name                                                      ; Cyclone IV E       ; Cyclone V          ;
; Use smart compilation                                            ; Off                ; Off                ;
; Enable parallel Assembler and Timing Analyzer during compilation ; On                 ; On                 ;
; Enable compact report table                                      ; Off                ; Off                ;
; Restructure Multiplexers                                         ; Auto               ; Auto               ;
; Create Debugging Nodes for IP Cores                              ; Off                ; Off                ;
; Preserve fewer node names                                        ; On                 ; On                 ;
; Intel FPGA IP Evaluation Mode                                    ; Enable             ; Enable             ;
; Verilog Version                                                  ; Verilog_2001       ; Verilog_2001       ;
; VHDL Version                                                     ; VHDL_1993          ; VHDL_1993          ;
; State Machine Processing                                         ; Auto               ; Auto               ;
; Safe State Machine                                               ; Off                ; Off                ;
; Extract Verilog State Machines                                   ; On                 ; On                 ;
; Extract VHDL State Machines                                      ; On                 ; On                 ;
; Ignore Verilog initial constructs                                ; Off                ; Off                ;
; Iteration limit for constant Verilog loops                       ; 5000               ; 5000               ;
; Iteration limit for non-constant Verilog loops                   ; 250                ; 250                ;
; Add Pass-Through Logic to Inferred RAMs                          ; On                 ; On                 ;
; Infer RAMs from Raw Logic                                        ; On                 ; On                 ;
; Parallel Synthesis                                               ; On                 ; On                 ;
; DSP Block Balancing                                              ; Auto               ; Auto               ;
; NOT Gate Push-Back                                               ; On                 ; On                 ;
; Power-Up Don't Care                                              ; On                 ; On                 ;
; Remove Redundant Logic Cells                                     ; Off                ; Off                ;
; Remove Duplicate Registers                                       ; On                 ; On                 ;
; Ignore CARRY Buffers                                             ; Off                ; Off                ;
; Ignore CASCADE Buffers                                           ; Off                ; Off                ;
; Ignore GLOBAL Buffers                                            ; Off                ; Off                ;
; Ignore ROW GLOBAL Buffers                                        ; Off                ; Off                ;
; Ignore LCELL Buffers                                             ; Off                ; Off                ;
; Ignore SOFT Buffers                                              ; On                 ; On                 ;
; Limit AHDL Integers to 32 Bits                                   ; Off                ; Off                ;
; Optimization Technique                                           ; Balanced           ; Balanced           ;
; Carry Chain Length                                               ; 70                 ; 70                 ;
; Auto Carry Chains                                                ; On                 ; On                 ;
; Auto Open-Drain Pins                                             ; On                 ; On                 ;
; Perform WYSIWYG Primitive Resynthesis                            ; Off                ; Off                ;
; Auto ROM Replacement                                             ; On                 ; On                 ;
; Auto RAM Replacement                                             ; On                 ; On                 ;
; Auto DSP Block Replacement                                       ; On                 ; On                 ;
; Auto Shift Register Replacement                                  ; Auto               ; Auto               ;
; Allow Shift Register Merging across Hierarchies                  ; Auto               ; Auto               ;
; Auto Clock Enable Replacement                                    ; On                 ; On                 ;
; Strict RAM Replacement                                           ; Off                ; Off                ;
; Allow Synchronous Control Signals                                ; On                 ; On                 ;
; Force Use of Synchronous Clear Signals                           ; Off                ; Off                ;
; Auto RAM Block Balancing                                         ; On                 ; On                 ;
; Auto RAM to Logic Cell Conversion                                ; Off                ; Off                ;
; Auto Resource Sharing                                            ; Off                ; Off                ;
; Allow Any RAM Size For Recognition                               ; Off                ; Off                ;
; Allow Any ROM Size For Recognition                               ; Off                ; Off                ;
; Allow Any Shift Register Size For Recognition                    ; Off                ; Off                ;
; Use LogicLock Constraints during Resource Balancing              ; On                 ; On                 ;
; Ignore translate_off and synthesis_off directives                ; Off                ; Off                ;
; Timing-Driven Synthesis                                          ; On                 ; On                 ;
; Report Parameter Settings                                        ; On                 ; On                 ;
; Report Source Assignments                                        ; On                 ; On                 ;
; Report Connectivity Checks                                       ; On                 ; On                 ;
; Ignore Maximum Fan-Out Assignments                               ; Off                ; Off                ;
; Synchronization Register Chain Length                            ; 2                  ; 2                  ;
; Power Optimization During Synthesis                              ; Normal compilation ; Normal compilation ;
; HDL message level                                                ; Level2             ; Level2             ;
; Suppress Register Optimization Related Messages                  ; Off                ; Off                ;
; Number of Removed Registers Reported in Synthesis Report         ; 5000               ; 5000               ;
; Number of Swept Nodes Reported in Synthesis Report               ; 5000               ; 5000               ;
; Number of Inverted Registers Reported in Synthesis Report        ; 100                ; 100                ;
; Clock MUX Protection                                             ; On                 ; On                 ;
; Auto Gated Clock Conversion                                      ; Off                ; Off                ;
; Block Design Naming                                              ; Auto               ; Auto               ;
; SDC constraint protection                                        ; Off                ; Off                ;
; Synthesis Effort                                                 ; Auto               ; Auto               ;
; Shift Register Replacement - Allow Asynchronous Clear Signal     ; On                 ; On                 ;
; Pre-Mapping Resynthesis Optimization                             ; Off                ; Off                ;
; Analysis & Synthesis Message Level                               ; Medium             ; Medium             ;
; Disable Register Merging Across Hierarchies                      ; Auto               ; Auto               ;
; Resource Aware Inference For Block RAM                           ; On                 ; On                 ;
+------------------------------------------------------------------+--------------------+--------------------+


+------------------------------------------+
; Parallel Compilation                     ;
+----------------------------+-------------+
; Processors                 ; Number      ;
+----------------------------+-------------+
; Number detected on machine ; 8           ;
; Maximum allowed            ; 4           ;
;                            ;             ;
; Average used               ; 1.00        ;
; Maximum used               ; 4           ;
;                            ;             ;
; Usage by Processor         ; % Time Used ;
;     Processor 1            ; 100.0%      ;
;     Processors 2-4         ;   0.0%      ;
+----------------------------+-------------+


+----------------------------------------------------------------------------------------------------------------------------------------------+
; Analysis & Synthesis Source Files Read                                                                                                       ;
+----------------------------------+-----------------+------------------------+------------------------------------------------------+---------+
; File Name with User-Entered Path ; Used in Netlist ; File Type              ; File Name with Absolute Path                         ; Library ;
+----------------------------------+-----------------+------------------------+------------------------------------------------------+---------+
; xpm_cdc_single.v                 ; yes             ; User Verilog HDL File  ; C:/intelFPGA_lite/workary/bishe/int/xpm_cdc_single.v ;         ;
; sirv_gnrl_dffs.v                 ; yes             ; User Verilog HDL File  ; C:/intelFPGA_lite/workary/bishe/int/sirv_gnrl_dffs.v ;         ;
; uarttx.v                         ; yes             ; User Verilog HDL File  ; C:/intelFPGA_lite/workary/bishe/int/uarttx.v         ;         ;
; clkdiv.v                         ; yes             ; User Verilog HDL File  ; C:/intelFPGA_lite/workary/bishe/int/clkdiv.v         ;         ;
; int.v                            ; yes             ; User Verilog HDL File  ; C:/intelFPGA_lite/workary/bishe/int/int.v            ;         ;
+----------------------------------+-----------------+------------------------+------------------------------------------------------+---------+


+-----------------------------------------------------------+
; Analysis & Synthesis Resource Usage Summary               ;
+---------------------------------------------+-------------+
; Resource                                    ; Usage       ;
+---------------------------------------------+-------------+
; Estimated Total logic elements              ; 563         ;
;                                             ;             ;
; Total combinational functions               ; 560         ;
; Logic element usage by number of LUT inputs ;             ;
;     -- 4 input functions                    ; 439         ;
;     -- 3 input functions                    ; 14          ;
;     -- <=2 input functions                  ; 107         ;
;                                             ;             ;
; Logic elements by mode                      ;             ;
;     -- normal mode                          ; 538         ;
;     -- arithmetic mode                      ; 22          ;
;                                             ;             ;
; Total registers                             ; 122         ;
;     -- Dedicated logic registers            ; 122         ;
;     -- I/O registers                        ; 0           ;
;                                             ;             ;
; I/O pins                                    ; 599         ;
;                                             ;             ;
; Embedded Multiplier 9-bit elements          ; 0           ;
;                                             ;             ;
; Maximum fan-out node                        ; reset~input ;
; Maximum fan-out                             ; 117         ;
; Total fan-out                               ; 3052        ;
; Average fan-out                             ; 1.62        ;
+---------------------------------------------+-------------+


+--------------------------------------------------------------------------------------------------------------------------------------------------------------------------------------------------------------------------------------------------------------------+
; Analysis & Synthesis Resource Utilization by Entity                                                                                                                                                                                                                ;
+----------------------------------------+---------------------+---------------------------+-------------+--------------+---------+-----------+------+--------------+--------------------------------------------------------------+------------------+--------------+
; Compilation Hierarchy Node             ; Combinational ALUTs ; Dedicated Logic Registers ; Memory Bits ; DSP Elements ; DSP 9x9 ; DSP 18x18 ; Pins ; Virtual Pins ; Full Hierarchy Name                                          ; Entity Name      ; Library Name ;
+----------------------------------------+---------------------+---------------------------+-------------+--------------+---------+-----------+------+--------------+--------------------------------------------------------------+------------------+--------------+
; |int                                   ; 560 (476)           ; 122 (7)                   ; 0           ; 0            ; 0       ; 0         ; 599  ; 0            ; |int                                                         ; int              ; work         ;
;    |clkdiv:clkdiv1|                    ; 29 (29)             ; 17 (17)                   ; 0           ; 0            ; 0       ; 0         ; 0    ; 0            ; |int|clkdiv:clkdiv1                                          ; clkdiv           ; work         ;
;    |sirv_gnrl_dfflr1:reg_cnt_dfflr1|   ; 1 (1)               ; 74 (74)                   ; 0           ; 0            ; 0       ; 0         ; 0    ; 0            ; |int|sirv_gnrl_dfflr1:reg_cnt_dfflr1                         ; sirv_gnrl_dfflr1 ; work         ;
;    |sirv_gnrl_dfflr:dataint_reg|       ; 0 (0)               ; 8 (8)                     ; 0           ; 0            ; 0       ; 0         ; 0    ; 0            ; |int|sirv_gnrl_dfflr:dataint_reg                             ; sirv_gnrl_dfflr  ; work         ;
;    |uarttx:uarttx1|                    ; 54 (54)             ; 14 (14)                   ; 0           ; 0            ; 0       ; 0         ; 0    ; 0            ; |int|uarttx:uarttx1                                          ; uarttx           ; work         ;
;    |xpm_cdc_single:vaild_cdc|          ; 0 (0)               ; 2 (0)                     ; 0           ; 0            ; 0       ; 0         ; 0    ; 0            ; |int|xpm_cdc_single:vaild_cdc                                ; xpm_cdc_single   ; work         ;
;       |sirv_gnrl_dff:reg_c[0].cdc_dff| ; 0 (0)               ; 1 (1)                     ; 0           ; 0            ; 0       ; 0         ; 0    ; 0            ; |int|xpm_cdc_single:vaild_cdc|sirv_gnrl_dff:reg_c[0].cdc_dff ; sirv_gnrl_dff    ; work         ;
;       |sirv_gnrl_dff:reg_c[1].cdc_dff| ; 0 (0)               ; 1 (1)                     ; 0           ; 0            ; 0       ; 0         ; 0    ; 0            ; |int|xpm_cdc_single:vaild_cdc|sirv_gnrl_dff:reg_c[1].cdc_dff ; sirv_gnrl_dff    ; work         ;
+----------------------------------------+---------------------+---------------------------+-------------+--------------+---------+-----------+------+--------------+--------------------------------------------------------------+------------------+--------------+
Note: For table entries with two numbers listed, the numbers in parentheses indicate the number of resources of the given type used by the specific entity alone. The numbers listed outside of parentheses indicate the total resources of the given type used by the specific entity and all of its sub-entities in the hierarchy.


Encoding Type:  One-Hot
+--------------------------------------------------------------------------------------------+
; State Machine - |int|reg_state                                                             ;
+---------------------+----------------+----------------+---------------------+--------------+
; Name                ; reg_state.quit ; reg_state.send ; reg_state.wait_idle ; reg_state.00 ;
+---------------------+----------------+----------------+---------------------+--------------+
; reg_state.00        ; 0              ; 0              ; 0                   ; 0            ;
; reg_state.wait_idle ; 0              ; 0              ; 1                   ; 1            ;
; reg_state.send      ; 0              ; 1              ; 0                   ; 1            ;
; reg_state.quit      ; 1              ; 0              ; 0                   ; 1            ;
+---------------------+----------------+----------------+---------------------+--------------+


+---------------------------------------------------------------------------------------------+
; Registers Removed During Synthesis                                                          ;
+----------------------------------------+----------------------------------------------------+
; Register name                          ; Reason for Removal                                 ;
+----------------------------------------+----------------------------------------------------+
; sirv_gnrl_dfflr:ready2_dfflr|qout_r[0] ; Merged with sirv_gnrl_dfflr:ready1_dfflr|qout_r[0] ;
; sirv_gnrl_dfflr:ready1_dfflr|qout_r[0] ; Lost fanout                                        ;
; reg_state~8                            ; Lost fanout                                        ;
; reg_state~9                            ; Lost fanout                                        ;
; Total Number of Removed Registers = 4  ;                                                    ;
+----------------------------------------+----------------------------------------------------+


+------------------------------------------------------+
; General Register Statistics                          ;
+----------------------------------------------+-------+
; Statistic                                    ; Value ;
+----------------------------------------------+-------+
; Total registers                              ; 122   ;
; Number of registers using Synchronous Clear  ; 0     ;
; Number of registers using Synchronous Load   ; 0     ;
; Number of registers using Asynchronous Clear ; 117   ;
; Number of registers using Asynchronous Load  ; 0     ;
; Number of registers using Clock Enable       ; 82    ;
; Number of registers using Preset             ; 0     ;
+----------------------------------------------+-------+


+-----------------------------------------------------+
; Inverted Register Statistics                        ;
+-------------------------------------------+---------+
; Inverted Register                         ; Fan out ;
+-------------------------------------------+---------+
; sirv_gnrl_dfflr1:reg_cnt_dfflr1|qout_r[0] ; 9       ;
; Total number of inverted registers = 1    ;         ;
+-------------------------------------------+---------+


+------------------------------------------------------------------------------------------------------------------------------------------+
; Multiplexer Restructuring Statistics (Restructuring Performed)                                                                           ;
+--------------------+-----------+---------------+----------------------+------------------------+------------+----------------------------+
; Multiplexer Inputs ; Bus Width ; Baseline Area ; Area if Restructured ; Saving if Restructured ; Registered ; Example Multiplexer Output ;
+--------------------+-----------+---------------+----------------------+------------------------+------------+----------------------------+
; 3:1                ; 3 bits    ; 6 LEs         ; 6 LEs                ; 0 LEs                  ; Yes        ; |int|uarttx:uarttx1|cnt[0] ;
; 257:1              ; 5 bits    ; 855 LEs       ; 45 LEs               ; 810 LEs                ; Yes        ; |int|uarttx:uarttx1|cnt[3] ;
; 7:1                ; 2 bits    ; 8 LEs         ; 6 LEs                ; 2 LEs                  ; No         ; |int|Selector1             ;
; 7:1                ; 2 bits    ; 8 LEs         ; 4 LEs                ; 4 LEs                  ; No         ; |int|Selector2             ;
+--------------------+-----------+---------------+----------------------+------------------------+------------+----------------------------+


+-----------------------------------------------------------------------+
; Parameter Settings for User Entity Instance: xpm_cdc_single:vaild_cdc ;
+----------------+-------+----------------------------------------------+
; Parameter Name ; Value ; Type                                         ;
+----------------+-------+----------------------------------------------+
; DEST_SYNC_FF   ; 2     ; Signed Integer                               ;
+----------------+-------+----------------------------------------------+
Note: In order to hide this table in the UI and the text report file, please set the "Show Parameter Settings in Synthesis Report" option in "Analysis and Synthesis Settings -> More Settings" to "Off".


+------------------------------------------------------------------------------------------------------+
; Parameter Settings for User Entity Instance: xpm_cdc_single:vaild_cdc|sirv_gnrl_dff:reg_c[0].cdc_dff ;
+----------------+-------+-----------------------------------------------------------------------------+
; Parameter Name ; Value ; Type                                                                        ;
+----------------+-------+-----------------------------------------------------------------------------+
; DW             ; 1     ; Signed Integer                                                              ;
+----------------+-------+-----------------------------------------------------------------------------+
Note: In order to hide this table in the UI and the text report file, please set the "Show Parameter Settings in Synthesis Report" option in "Analysis and Synthesis Settings -> More Settings" to "Off".


+------------------------------------------------------------------------------------------------------+
; Parameter Settings for User Entity Instance: xpm_cdc_single:vaild_cdc|sirv_gnrl_dff:reg_c[1].cdc_dff ;
+----------------+-------+-----------------------------------------------------------------------------+
; Parameter Name ; Value ; Type                                                                        ;
+----------------+-------+-----------------------------------------------------------------------------+
; DW             ; 1     ; Signed Integer                                                              ;
+----------------+-------+-----------------------------------------------------------------------------+
Note: In order to hide this table in the UI and the text report file, please set the "Show Parameter Settings in Synthesis Report" option in "Analysis and Synthesis Settings -> More Settings" to "Off".


+---------------------------------------------------------------------------+
; Parameter Settings for User Entity Instance: sirv_gnrl_dfflr:ready1_dfflr ;
+----------------+-------+--------------------------------------------------+
; Parameter Name ; Value ; Type                                             ;
+----------------+-------+--------------------------------------------------+
; DW             ; 1     ; Signed Integer                                   ;
+----------------+-------+--------------------------------------------------+
Note: In order to hide this table in the UI and the text report file, please set the "Show Parameter Settings in Synthesis Report" option in "Analysis and Synthesis Settings -> More Settings" to "Off".


+---------------------------------------------------------------------------+
; Parameter Settings for User Entity Instance: sirv_gnrl_dfflr:ready2_dfflr ;
+----------------+-------+--------------------------------------------------+
; Parameter Name ; Value ; Type                                             ;
+----------------+-------+--------------------------------------------------+
; DW             ; 1     ; Signed Integer                                   ;
+----------------+-------+--------------------------------------------------+
Note: In order to hide this table in the UI and the text report file, please set the "Show Parameter Settings in Synthesis Report" option in "Analysis and Synthesis Settings -> More Settings" to "Off".


+------------------------------------------------------------------------------+
; Parameter Settings for User Entity Instance: sirv_gnrl_dfflr1:reg_cnt_dfflr1 ;
+----------------+-------+-----------------------------------------------------+
; Parameter Name ; Value ; Type                                                ;
+----------------+-------+-----------------------------------------------------+
; DW             ; 74    ; Signed Integer                                      ;
+----------------+-------+-----------------------------------------------------+
Note: In order to hide this table in the UI and the text report file, please set the "Show Parameter Settings in Synthesis Report" option in "Analysis and Synthesis Settings -> More Settings" to "Off".


+--------------------------------------------------------------------------+
; Parameter Settings for User Entity Instance: sirv_gnrl_dfflr:dataint_reg ;
+----------------+-------+-------------------------------------------------+
; Parameter Name ; Value ; Type                                            ;
+----------------+-------+-------------------------------------------------+
; DW             ; 8     ; Signed Integer                                  ;
+----------------+-------+-------------------------------------------------+
Note: In order to hide this table in the UI and the text report file, please set the "Show Parameter Settings in Synthesis Report" option in "Analysis and Synthesis Settings -> More Settings" to "Off".


+-------------------------------------------------------------+
; Parameter Settings for User Entity Instance: uarttx:uarttx1 ;
+----------------+-------+------------------------------------+
; Parameter Name ; Value ; Type                               ;
+----------------+-------+------------------------------------+
; paritymode     ; 0     ; Unsigned Binary                    ;
+----------------+-------+------------------------------------+
Note: In order to hide this table in the UI and the text report file, please set the "Show Parameter Settings in Synthesis Report" option in "Analysis and Synthesis Settings -> More Settings" to "Off".


+-----------------------------------------------------+
; Post-Synthesis Netlist Statistics for Top Partition ;
+-----------------------+-----------------------------+
; Type                  ; Count                       ;
+-----------------------+-----------------------------+
; boundary_port         ; 599                         ;
; cycloneiii_ff         ; 122                         ;
;     CLR               ; 35                          ;
;     ENA CLR           ; 82                          ;
;     plain             ; 5                           ;
; cycloneiii_lcell_comb ; 561                         ;
;     arith             ; 22                          ;
;         2 data inputs ; 22                          ;
;     normal            ; 539                         ;
;         0 data inputs ; 1                           ;
;         1 data inputs ; 3                           ;
;         2 data inputs ; 82                          ;
;         3 data inputs ; 14                          ;
;         4 data inputs ; 439                         ;
;                       ;                             ;
; Max LUT depth         ; 7.00                        ;
; Average LUT depth     ; 3.59                        ;
+-----------------------+-----------------------------+


+-------------------------------+
; Elapsed Time Per Partition    ;
+----------------+--------------+
; Partition Name ; Elapsed Time ;
+----------------+--------------+
; Top            ; 00:00:02     ;
+----------------+--------------+


+-------------------------------+
; Analysis & Synthesis Messages ;
+-------------------------------+
Info: *******************************************************************
Info: Running Quartus Prime Analysis & Synthesis
    Info: Version 20.1.1 Build 720 11/11/2020 SJ Lite Edition
    Info: Processing started: Fri May 07 20:40:17 2021
Info: Command: quartus_map --read_settings_files=on --write_settings_files=off int -c int
Warning (18236): Number of processors has not been specified which may cause overloading on shared machines.  Set the global assignment NUM_PARALLEL_PROCESSORS in your QSF to an appropriate value for best performance.
Info (20030): Parallel compilation is enabled and will use 4 of the 4 processors detected
Info (12021): Found 1 design units, including 1 entities, in source file xpm_cdc_single.v
    Info (12023): Found entity 1: xpm_cdc_single File: C:/intelFPGA_lite/workary/bishe/int/xpm_cdc_single.v Line: 1
Info (12021): Found 8 design units, including 8 entities, in source file sirv_gnrl_dffs.v
    Info (12023): Found entity 1: sirv_gnrl_dfflrs File: C:/intelFPGA_lite/workary/bishe/int/sirv_gnrl_dffs.v Line: 2
    Info (12023): Found entity 2: sirv_gnrl_dfflr File: C:/intelFPGA_lite/workary/bishe/int/sirv_gnrl_dffs.v Line: 37
    Info (12023): Found entity 3: sirv_gnrl_dffl File: C:/intelFPGA_lite/workary/bishe/int/sirv_gnrl_dffs.v Line: 72
    Info (12023): Found entity 4: sirv_gnrl_dffrs File: C:/intelFPGA_lite/workary/bishe/int/sirv_gnrl_dffs.v Line: 104
    Info (12023): Found entity 5: sirv_gnrl_dffr File: C:/intelFPGA_lite/workary/bishe/int/sirv_gnrl_dffs.v Line: 136
    Info (12023): Found entity 6: sirv_gnrl_ltch File: C:/intelFPGA_lite/workary/bishe/int/sirv_gnrl_dffs.v Line: 167
    Info (12023): Found entity 7: sirv_gnrl_dff File: C:/intelFPGA_lite/workary/bishe/int/sirv_gnrl_dffs.v Line: 196
    Info (12023): Found entity 8: sirv_gnrl_dfflr1 File: C:/intelFPGA_lite/workary/bishe/int/sirv_gnrl_dffs.v Line: 225
Info (12021): Found 1 design units, including 1 entities, in source file uarttx.v
    Info (12023): Found entity 1: uarttx File: C:/intelFPGA_lite/workary/bishe/int/uarttx.v Line: 6
Info (12021): Found 1 design units, including 1 entities, in source file clkdiv.v
    Info (12023): Found entity 1: clkdiv File: C:/intelFPGA_lite/workary/bishe/int/clkdiv.v Line: 5
Warning (10463): Verilog HDL Declaration warning at int.v(1): "int" is SystemVerilog-2005 keyword File: C:/intelFPGA_lite/workary/bishe/int/int.v Line: 1
Info (12021): Found 1 design units, including 1 entities, in source file int.v
    Info (12023): Found entity 1: int File: C:/intelFPGA_lite/workary/bishe/int/int.v Line: 1
Info (12127): Elaborating entity "int" for the top level hierarchy
Warning (10230): Verilog HDL assignment warning at int.v(197): truncated value with size 9 to match size of target (8) File: C:/intelFPGA_lite/workary/bishe/int/int.v Line: 197
Info (12128): Elaborating entity "clkdiv" for hierarchy "clkdiv:clkdiv1" File: C:/intelFPGA_lite/workary/bishe/int/int.v Line: 93
Info (12128): Elaborating entity "xpm_cdc_single" for hierarchy "xpm_cdc_single:vaild_cdc" File: C:/intelFPGA_lite/workary/bishe/int/int.v Line: 96
Info (12128): Elaborating entity "sirv_gnrl_dff" for hierarchy "xpm_cdc_single:vaild_cdc|sirv_gnrl_dff:reg_c[0].cdc_dff" File: C:/intelFPGA_lite/workary/bishe/int/xpm_cdc_single.v Line: 16
Info (12128): Elaborating entity "sirv_gnrl_dfflr" for hierarchy "sirv_gnrl_dfflr:ready1_dfflr" File: C:/intelFPGA_lite/workary/bishe/int/int.v Line: 182
Info (12128): Elaborating entity "sirv_gnrl_dfflr1" for hierarchy "sirv_gnrl_dfflr1:reg_cnt_dfflr1" File: C:/intelFPGA_lite/workary/bishe/int/int.v Line: 190
Info (12128): Elaborating entity "sirv_gnrl_dfflr" for hierarchy "sirv_gnrl_dfflr:dataint_reg" File: C:/intelFPGA_lite/workary/bishe/int/int.v Line: 277
Info (12128): Elaborating entity "uarttx" for hierarchy "uarttx:uarttx1" File: C:/intelFPGA_lite/workary/bishe/int/int.v Line: 280
Info (13000): Registers with preset signals will power-up high File: C:/intelFPGA_lite/workary/bishe/int/sirv_gnrl_dffs.v Line: 243
Info (13003): DEV_CLRn pin will set, and not reset, register with preset signal due to NOT Gate Push-Back
Warning (13024): Output pins are stuck at VCC or GND
    Warning (13410): Pin "ready" is stuck at GND File: C:/intelFPGA_lite/workary/bishe/int/int.v Line: 3
Info (286030): Timing-Driven Synthesis is running
Info (17049): 3 registers lost all their fanouts during netlist optimizations.
Info (16010): Generating hard_block partition "hard_block:auto_generated_inst"
    Info (16011): Adding 0 node(s), including 0 DDIO, 0 PLL, 0 transceiver and 0 LCELL
Warning (21074): Design contains 38 input pin(s) that do not drive logic
    Warning (15610): No output dependent on input pin "clk" File: C:/intelFPGA_lite/workary/bishe/int/int.v Line: 5
    Warning (15610): No output dependent on input pin "xbh_reg0[15]" File: C:/intelFPGA_lite/workary/bishe/int/int.v Line: 11
    Warning (15610): No output dependent on input pin "xbh_reg1[15]" File: C:/intelFPGA_lite/workary/bishe/int/int.v Line: 12
    Warning (15610): No output dependent on input pin "xbh_reg2[15]" File: C:/intelFPGA_lite/workary/bishe/int/int.v Line: 13
    Warning (15610): No output dependent on input pin "xbh_reg3[15]" File: C:/intelFPGA_lite/workary/bishe/int/int.v Line: 14
    Warning (15610): No output dependent on input pin "xbh_reg4[15]" File: C:/intelFPGA_lite/workary/bishe/int/int.v Line: 15
    Warning (15610): No output dependent on input pin "xbh_reg5[15]" File: C:/intelFPGA_lite/workary/bishe/int/int.v Line: 16
    Warning (15610): No output dependent on input pin "xbh_reg6[15]" File: C:/intelFPGA_lite/workary/bishe/int/int.v Line: 17
    Warning (15610): No output dependent on input pin "xbh_reg7[15]" File: C:/intelFPGA_lite/workary/bishe/int/int.v Line: 18
    Warning (15610): No output dependent on input pin "xbl_reg0[15]" File: C:/intelFPGA_lite/workary/bishe/int/int.v Line: 19
    Warning (15610): No output dependent on input pin "xbl_reg1[15]" File: C:/intelFPGA_lite/workary/bishe/int/int.v Line: 20
    Warning (15610): No output dependent on input pin "xbl_reg2[15]" File: C:/intelFPGA_lite/workary/bishe/int/int.v Line: 21
    Warning (15610): No output dependent on input pin "xbl_reg3[15]" File: C:/intelFPGA_lite/workary/bishe/int/int.v Line: 22
    Warning (15610): No output dependent on input pin "xbl_reg4[15]" File: C:/intelFPGA_lite/workary/bishe/int/int.v Line: 23
    Warning (15610): No output dependent on input pin "xbl_reg5[15]" File: C:/intelFPGA_lite/workary/bishe/int/int.v Line: 24
    Warning (15610): No output dependent on input pin "xbl_reg6[15]" File: C:/intelFPGA_lite/workary/bishe/int/int.v Line: 25
    Warning (15610): No output dependent on input pin "xbl_reg7[15]" File: C:/intelFPGA_lite/workary/bishe/int/int.v Line: 26
    Warning (15610): No output dependent on input pin "fir_reg_reg0[15]" File: C:/intelFPGA_lite/workary/bishe/int/int.v Line: 27
    Warning (15610): No output dependent on input pin "fir_reg_reg1[15]" File: C:/intelFPGA_lite/workary/bishe/int/int.v Line: 28
    Warning (15610): No output dependent on input pin "fir_reg_reg2[15]" File: C:/intelFPGA_lite/workary/bishe/int/int.v Line: 29
    Warning (15610): No output dependent on input pin "fir_reg_reg3[15]" File: C:/intelFPGA_lite/workary/bishe/int/int.v Line: 30
    Warning (15610): No output dependent on input pin "fir_reg_reg4[15]" File: C:/intelFPGA_lite/workary/bishe/int/int.v Line: 31
    Warning (15610): No output dependent on input pin "fir_reg_reg5[15]" File: C:/intelFPGA_lite/workary/bishe/int/int.v Line: 32
    Warning (15610): No output dependent on input pin "fir_reg_reg6[15]" File: C:/intelFPGA_lite/workary/bishe/int/int.v Line: 33
    Warning (15610): No output dependent on input pin "fir_reg_reg7[15]" File: C:/intelFPGA_lite/workary/bishe/int/int.v Line: 34
    Warning (15610): No output dependent on input pin "des_addr_reg0[15]" File: C:/intelFPGA_lite/workary/bishe/int/int.v Line: 35
    Warning (15610): No output dependent on input pin "des_addr_reg1[15]" File: C:/intelFPGA_lite/workary/bishe/int/int.v Line: 36
    Warning (15610): No output dependent on input pin "sor_addr_reg0[15]" File: C:/intelFPGA_lite/workary/bishe/int/int.v Line: 37
    Warning (15610): No output dependent on input pin "sor_addr_reg1[15]" File: C:/intelFPGA_lite/workary/bishe/int/int.v Line: 38
    Warning (15610): No output dependent on input pin "lreg_reg[15]" File: C:/intelFPGA_lite/workary/bishe/int/int.v Line: 39
    Warning (15610): No output dependent on input pin "lr_reg0[15]" File: C:/intelFPGA_lite/workary/bishe/int/int.v Line: 40
    Warning (15610): No output dependent on input pin "lr_reg1[15]" File: C:/intelFPGA_lite/workary/bishe/int/int.v Line: 41
    Warning (15610): No output dependent on input pin "lr_reg2[15]" File: C:/intelFPGA_lite/workary/bishe/int/int.v Line: 42
    Warning (15610): No output dependent on input pin "lr_reg3[15]" File: C:/intelFPGA_lite/workary/bishe/int/int.v Line: 43
    Warning (15610): No output dependent on input pin "hr_reg0[15]" File: C:/intelFPGA_lite/workary/bishe/int/int.v Line: 44
    Warning (15610): No output dependent on input pin "hr_reg1[15]" File: C:/intelFPGA_lite/workary/bishe/int/int.v Line: 45
    Warning (15610): No output dependent on input pin "hr_reg2[15]" File: C:/intelFPGA_lite/workary/bishe/int/int.v Line: 46
    Warning (15610): No output dependent on input pin "hr_reg3[15]" File: C:/intelFPGA_lite/workary/bishe/int/int.v Line: 48
Info (21057): Implemented 1162 device resources after synthesis - the final resource count might be different
    Info (21058): Implemented 597 input pins
    Info (21059): Implemented 2 output pins
    Info (21061): Implemented 563 logic cells
Info: Quartus Prime Analysis & Synthesis was successful. 0 errors, 44 warnings
    Info: Peak virtual memory: 4782 megabytes
    Info: Processing ended: Fri May 07 20:40:31 2021
    Info: Elapsed time: 00:00:14
    Info: Total CPU time (on all processors): 00:00:30


